This file contains any messages produced by compilers while
running configure, to aid debugging if configure makes a mistake.

It was created by hts_engine_et configure 0.01, which was
generated by GNU Autoconf 2.69.  Invocation command line was

  $ ./configure 

## --------- ##
## Platform. ##
## --------- ##

hostname = indrek-i3
uname -m = i686
uname -r = 3.13.0-57-generic
uname -s = Linux
uname -v = #95-Ubuntu SMP Fri Jun 19 09:27:48 UTC 2015

/usr/bin/uname -p = unknown
/bin/uname -X     = unknown

/bin/arch              = unknown
/usr/bin/arch -k       = unknown
/usr/convex/getsysinfo = unknown
/usr/bin/hostinfo      = unknown
/bin/machine           = unknown
/usr/bin/oslevel       = unknown
/bin/universe          = unknown

PATH: /usr/local/sbin
PATH: /usr/local/bin
PATH: /usr/sbin
PATH: /usr/bin
PATH: /sbin
PATH: /bin
PATH: /usr/games
PATH: /usr/local/games


## ----------- ##
## Core tests. ##
## ----------- ##

configure:2309: checking for a BSD-compatible install
configure:2377: result: /usr/bin/install -c
configure:2388: checking whether build environment is sane
configure:2443: result: yes
configure:2594: checking for a thread-safe mkdir -p
configure:2633: result: /bin/mkdir -p
configure:2640: checking for gawk
configure:2656: found /usr/bin/gawk
configure:2667: result: gawk
configure:2678: checking whether make sets $(MAKE)
configure:2700: result: yes
configure:2729: checking whether make supports nested variables
configure:2746: result: yes
configure:2923: checking for g++
configure:2939: found /usr/bin/g++
configure:2950: result: g++
configure:2977: checking for C++ compiler version
configure:2986: g++ --version >&5
g++ (Ubuntu 4.8.4-2ubuntu1~14.04) 4.8.4
Copyright (C) 2013 Free Software Foundation, Inc.
This is free software; see the source for copying conditions.  There is NO
warranty; not even for MERCHANTABILITY or FITNESS FOR A PARTICULAR PURPOSE.

configure:2997: $? = 0
configure:2986: g++ -v >&5
Using built-in specs.
COLLECT_GCC=g++
COLLECT_LTO_WRAPPER=/usr/lib/gcc/i686-linux-gnu/4.8/lto-wrapper
Target: i686-linux-gnu
Configured with: ../src/configure -v --with-pkgversion='Ubuntu 4.8.4-2ubuntu1~14.04' --with-bugurl=file:///usr/share/doc/gcc-4.8/README.Bugs --enable-languages=c,c++,java,go,d,fortran,objc,obj-c++ --prefix=/usr --program-suffix=-4.8 --enable-shared --enable-linker-build-id --libexecdir=/usr/lib --without-included-gettext --enable-threads=posix --with-gxx-include-dir=/usr/include/c++/4.8 --libdir=/usr/lib --enable-nls --with-sysroot=/ --enable-clocale=gnu --enable-libstdcxx-debug --enable-libstdcxx-time=yes --enable-gnu-unique-object --disable-libmudflap --enable-plugin --with-system-zlib --disable-browser-plugin --enable-java-awt=gtk --enable-gtk-cairo --with-java-home=/usr/lib/jvm/java-1.5.0-gcj-4.8-i386/jre --enable-java-home --with-jvm-root-dir=/usr/lib/jvm/java-1.5.0-gcj-4.8-i386 --with-jvm-jar-dir=/usr/lib/jvm-exports/java-1.5.0-gcj-4.8-i386 --with-arch-directory=i386 --with-ecj-jar=/usr/share/java/eclipse-ecj.jar --enable-objc-gc --enable-targets=all --enable-multiarch --disable-werror --with-arch-32=i686 --with-multilib-list=m32,m64,mx32 --with-tune=generic --enable-checking=release --build=i686-linux-gnu --host=i686-linux-gnu --target=i686-linux-gnu
Thread model: posix
gcc version 4.8.4 (Ubuntu 4.8.4-2ubuntu1~14.04) 
configure:2997: $? = 0
configure:2986: g++ -V >&5
g++: error: unrecognized command line option '-V'
g++: fatal error: no input files
compilation terminated.
configure:2997: $? = 4
configure:2986: g++ -qversion >&5
g++: error: unrecognized command line option '-qversion'
g++: fatal error: no input files
compilation terminated.
configure:2997: $? = 4
configure:3017: checking whether the C++ compiler works
configure:3039: g++    conftest.cpp  >&5
configure:3043: $? = 0
configure:3091: result: yes
configure:3094: checking for C++ compiler default output file name
configure:3096: result: a.out
configure:3102: checking for suffix of executables
configure:3109: g++ -o conftest    conftest.cpp  >&5
configure:3113: $? = 0
configure:3135: result: 
configure:3157: checking whether we are cross compiling
configure:3165: g++ -o conftest    conftest.cpp  >&5
configure:3169: $? = 0
configure:3176: ./conftest
configure:3180: $? = 0
configure:3195: result: no
configure:3200: checking for suffix of object files
configure:3222: g++ -c   conftest.cpp >&5
configure:3226: $? = 0
configure:3247: result: o
configure:3251: checking whether we are using the GNU C++ compiler
configure:3270: g++ -c   conftest.cpp >&5
configure:3270: $? = 0
configure:3279: result: yes
configure:3288: checking whether g++ accepts -g
configure:3308: g++ -c -g  conftest.cpp >&5
configure:3308: $? = 0
configure:3349: result: yes
configure:3383: checking for style of include used by make
configure:3411: result: GNU
configure:3437: checking dependency style of g++
configure:3548: result: gcc3
configure:3611: checking for gcc
configure:3627: found /usr/bin/gcc
configure:3638: result: gcc
configure:3867: checking for C compiler version
configure:3876: gcc --version >&5
gcc (Ubuntu 4.8.4-2ubuntu1~14.04) 4.8.4
Copyright (C) 2013 Free Software Foundation, Inc.
This is free software; see the source for copying conditions.  There is NO
warranty; not even for MERCHANTABILITY or FITNESS FOR A PARTICULAR PURPOSE.

configure:3887: $? = 0
configure:3876: gcc -v >&5
Using built-in specs.
COLLECT_GCC=gcc
COLLECT_LTO_WRAPPER=/usr/lib/gcc/i686-linux-gnu/4.8/lto-wrapper
Target: i686-linux-gnu
Configured with: ../src/configure -v --with-pkgversion='Ubuntu 4.8.4-2ubuntu1~14.04' --with-bugurl=file:///usr/share/doc/gcc-4.8/README.Bugs --enable-languages=c,c++,java,go,d,fortran,objc,obj-c++ --prefix=/usr --program-suffix=-4.8 --enable-shared --enable-linker-build-id --libexecdir=/usr/lib --without-included-gettext --enable-threads=posix --with-gxx-include-dir=/usr/include/c++/4.8 --libdir=/usr/lib --enable-nls --with-sysroot=/ --enable-clocale=gnu --enable-libstdcxx-debug --enable-libstdcxx-time=yes --enable-gnu-unique-object --disable-libmudflap --enable-plugin --with-system-zlib --disable-browser-plugin --enable-java-awt=gtk --enable-gtk-cairo --with-java-home=/usr/lib/jvm/java-1.5.0-gcj-4.8-i386/jre --enable-java-home --with-jvm-root-dir=/usr/lib/jvm/java-1.5.0-gcj-4.8-i386 --with-jvm-jar-dir=/usr/lib/jvm-exports/java-1.5.0-gcj-4.8-i386 --with-arch-directory=i386 --with-ecj-jar=/usr/share/java/eclipse-ecj.jar --enable-objc-gc --enable-targets=all --enable-multiarch --disable-werror --with-arch-32=i686 --with-multilib-list=m32,m64,mx32 --with-tune=generic --enable-checking=release --build=i686-linux-gnu --host=i686-linux-gnu --target=i686-linux-gnu
Thread model: posix
gcc version 4.8.4 (Ubuntu 4.8.4-2ubuntu1~14.04) 
configure:3887: $? = 0
configure:3876: gcc -V >&5
gcc: error: unrecognized command line option '-V'
gcc: fatal error: no input files
compilation terminated.
configure:3887: $? = 4
configure:3876: gcc -qversion >&5
gcc: error: unrecognized command line option '-qversion'
gcc: fatal error: no input files
compilation terminated.
configure:3887: $? = 4
configure:3891: checking whether we are using the GNU C compiler
configure:3910: gcc -c   conftest.c >&5
configure:3910: $? = 0
configure:3919: result: yes
configure:3928: checking whether gcc accepts -g
configure:3948: gcc -c -g  conftest.c >&5
configure:3948: $? = 0
configure:3989: result: yes
configure:4006: checking for gcc option to accept ISO C89
configure:4069: gcc  -c -g -O2  conftest.c >&5
configure:4069: $? = 0
configure:4082: result: none needed
configure:4107: checking whether gcc understands -c and -o together
configure:4129: gcc -c conftest.c -o conftest2.o
configure:4132: $? = 0
configure:4129: gcc -c conftest.c -o conftest2.o
configure:4132: $? = 0
configure:4144: result: yes
configure:4163: checking dependency style of gcc
configure:4274: result: gcc3
configure:4334: checking for ranlib
configure:4350: found /usr/bin/ranlib
configure:4361: result: ranlib
configure:4429: checking for ar
configure:4445: found /usr/bin/ar
configure:4456: result: ar
configure:4482: checking for log in -lm
configure:4507: gcc -o conftest -g -O2   conftest.c -lm   >&5
conftest.c:16:6: warning: conflicting types for built-in function 'log' [enabled by default]
 char log ();
      ^
configure:4507: $? = 0
configure:4516: result: yes
configure:4535: checking how to run the C preprocessor
configure:4566: gcc -E  conftest.c
configure:4566: $? = 0
configure:4580: gcc -E  conftest.c
conftest.c:10:28: fatal error: ac_nonexistent.h: No such file or directory
 #include <ac_nonexistent.h>
                            ^
compilation terminated.
configure:4580: $? = 1
configure: failed program was:
| /* confdefs.h */
| #define PACKAGE_NAME "hts_engine_et"
| #define PACKAGE_TARNAME "hts_engine_et"
| #define PACKAGE_VERSION "0.01"
| #define PACKAGE_STRING "hts_engine_et 0.01"
| #define PACKAGE_BUGREPORT "indrek.kiissel@eki.ee"
| #define PACKAGE_URL ""
| #define HAVE_LIBM 1
| /* end confdefs.h.  */
| #include <ac_nonexistent.h>
configure:4605: result: gcc -E
configure:4625: gcc -E  conftest.c
configure:4625: $? = 0
configure:4639: gcc -E  conftest.c
conftest.c:10:28: fatal error: ac_nonexistent.h: No such file or directory
 #include <ac_nonexistent.h>
                            ^
compilation terminated.
configure:4639: $? = 1
configure: failed program was:
| /* confdefs.h */
| #define PACKAGE_NAME "hts_engine_et"
| #define PACKAGE_TARNAME "hts_engine_et"
| #define PACKAGE_VERSION "0.01"
| #define PACKAGE_STRING "hts_engine_et 0.01"
| #define PACKAGE_BUGREPORT "indrek.kiissel@eki.ee"
| #define PACKAGE_URL ""
| #define HAVE_LIBM 1
| /* end confdefs.h.  */
| #include <ac_nonexistent.h>
configure:4668: checking for grep that handles long lines and -e
configure:4726: result: /bin/grep
configure:4731: checking for egrep
configure:4793: result: /bin/grep -E
configure:4798: checking for ANSI C header files
configure:4818: gcc -c -g -O2  conftest.c >&5
configure:4818: $? = 0
configure:4891: gcc -o conftest -g -O2   conftest.c -lm  >&5
configure:4891: $? = 0
configure:4891: ./conftest
configure:4891: $? = 0
configure:4902: result: yes
configure:4915: checking for sys/types.h
configure:4915: gcc -c -g -O2  conftest.c >&5
configure:4915: $? = 0
configure:4915: result: yes
configure:4915: checking for sys/stat.h
configure:4915: gcc -c -g -O2  conftest.c >&5
configure:4915: $? = 0
configure:4915: result: yes
configure:4915: checking for stdlib.h
configure:4915: gcc -c -g -O2  conftest.c >&5
configure:4915: $? = 0
configure:4915: result: yes
configure:4915: checking for string.h
configure:4915: gcc -c -g -O2  conftest.c >&5
configure:4915: $? = 0
configure:4915: result: yes
configure:4915: checking for memory.h
configure:4915: gcc -c -g -O2  conftest.c >&5
configure:4915: $? = 0
configure:4915: result: yes
configure:4915: checking for strings.h
configure:4915: gcc -c -g -O2  conftest.c >&5
configure:4915: $? = 0
configure:4915: result: yes
configure:4915: checking for inttypes.h
configure:4915: gcc -c -g -O2  conftest.c >&5
configure:4915: $? = 0
configure:4915: result: yes
configure:4915: checking for stdint.h
configure:4915: gcc -c -g -O2  conftest.c >&5
configure:4915: $? = 0
configure:4915: result: yes
configure:4915: checking for unistd.h
configure:4915: gcc -c -g -O2  conftest.c >&5
configure:4915: $? = 0
configure:4915: result: yes
configure:4930: checking for stdlib.h
configure:4930: result: yes
configure:4930: checking for string.h
configure:4930: result: yes
configure:4943: checking for an ANSI C-conforming const
configure:5009: gcc -c -g -O2  conftest.c >&5
configure:5009: $? = 0
configure:5016: result: yes
configure:5024: checking for size_t
configure:5024: gcc -c -g -O2  conftest.c >&5
configure:5024: $? = 0
configure:5024: gcc -c -g -O2  conftest.c >&5
conftest.c: In function 'main':
conftest.c:58:21: error: expected expression before ')' token
 if (sizeof ((size_t)))
                     ^
configure:5024: $? = 1
configure: failed program was:
| /* confdefs.h */
| #define PACKAGE_NAME "hts_engine_et"
| #define PACKAGE_TARNAME "hts_engine_et"
| #define PACKAGE_VERSION "0.01"
| #define PACKAGE_STRING "hts_engine_et 0.01"
| #define PACKAGE_BUGREPORT "indrek.kiissel@eki.ee"
| #define PACKAGE_URL ""
| #define HAVE_LIBM 1
| #define STDC_HEADERS 1
| #define HAVE_SYS_TYPES_H 1
| #define HAVE_SYS_STAT_H 1
| #define HAVE_STDLIB_H 1
| #define HAVE_STRING_H 1
| #define HAVE_MEMORY_H 1
| #define HAVE_STRINGS_H 1
| #define HAVE_INTTYPES_H 1
| #define HAVE_STDINT_H 1
| #define HAVE_UNISTD_H 1
| #define HAVE_STDLIB_H 1
| #define HAVE_STRING_H 1
| /* end confdefs.h.  */
| #include <stdio.h>
| #ifdef HAVE_SYS_TYPES_H
| # include <sys/types.h>
| #endif
| #ifdef HAVE_SYS_STAT_H
| # include <sys/stat.h>
| #endif
| #ifdef STDC_HEADERS
| # include <stdlib.h>
| # include <stddef.h>
| #else
| # ifdef HAVE_STDLIB_H
| #  include <stdlib.h>
| # endif
| #endif
| #ifdef HAVE_STRING_H
| # if !defined STDC_HEADERS && defined HAVE_MEMORY_H
| #  include <memory.h>
| # endif
| # include <string.h>
| #endif
| #ifdef HAVE_STRINGS_H
| # include <strings.h>
| #endif
| #ifdef HAVE_INTTYPES_H
| # include <inttypes.h>
| #endif
| #ifdef HAVE_STDINT_H
| # include <stdint.h>
| #endif
| #ifdef HAVE_UNISTD_H
| # include <unistd.h>
| #endif
| int
| main ()
| {
| if (sizeof ((size_t)))
| 	    return 0;
|   ;
|   return 0;
| }
configure:5024: result: yes
configure:5039: checking for vprintf
configure:5039: gcc -o conftest -g -O2   conftest.c -lm  >&5
conftest.c:45:6: warning: conflicting types for built-in function 'vprintf' [enabled by default]
 char vprintf ();
      ^
configure:5039: $? = 0
configure:5039: result: yes
configure:5045: checking for _doprnt
configure:5045: gcc -o conftest -g -O2   conftest.c -lm  >&5
/tmp/cce9E7WL.o: In function `main':
/home/ikiissel/anjuta2/20150505/conftest.c:57: undefined reference to `_doprnt'
collect2: error: ld returned 1 exit status
configure:5045: $? = 1
configure: failed program was:
| /* confdefs.h */
| #define PACKAGE_NAME "hts_engine_et"
| #define PACKAGE_TARNAME "hts_engine_et"
| #define PACKAGE_VERSION "0.01"
| #define PACKAGE_STRING "hts_engine_et 0.01"
| #define PACKAGE_BUGREPORT "indrek.kiissel@eki.ee"
| #define PACKAGE_URL ""
| #define HAVE_LIBM 1
| #define STDC_HEADERS 1
| #define HAVE_SYS_TYPES_H 1
| #define HAVE_SYS_STAT_H 1
| #define HAVE_STDLIB_H 1
| #define HAVE_STRING_H 1
| #define HAVE_MEMORY_H 1
| #define HAVE_STRINGS_H 1
| #define HAVE_INTTYPES_H 1
| #define HAVE_STDINT_H 1
| #define HAVE_UNISTD_H 1
| #define HAVE_STDLIB_H 1
| #define HAVE_STRING_H 1
| #define HAVE_VPRINTF 1
| /* end confdefs.h.  */
| /* Define _doprnt to an innocuous variant, in case <limits.h> declares _doprnt.
|    For example, HP-UX 11i <limits.h> declares gettimeofday.  */
| #define _doprnt innocuous__doprnt
| 
| /* System header to define __stub macros and hopefully few prototypes,
|     which can conflict with char _doprnt (); below.
|     Prefer <limits.h> to <assert.h> if __STDC__ is defined, since
|     <limits.h> exists even on freestanding compilers.  */
| 
| #ifdef __STDC__
| # include <limits.h>
| #else
| # include <assert.h>
| #endif
| 
| #undef _doprnt
| 
| /* Override any GCC internal prototype to avoid an error.
|    Use char because int might match the return type of a GCC
|    builtin and then its argument prototype would still apply.  */
| #ifdef __cplusplus
| extern "C"
| #endif
| char _doprnt ();
| /* The GNU C library defines this for functions which it implements
|     to always fail with ENOSYS.  Some functions are actually named
|     something starting with __ and the normal name is an alias.  */
| #if defined __stub__doprnt || defined __stub____doprnt
| choke me
| #endif
| 
| int
| main ()
| {
| return _doprnt ();
|   ;
|   return 0;
| }
configure:5045: result: no
configure:5059: checking for sqrt
configure:5059: gcc -o conftest -g -O2   conftest.c -lm  >&5
conftest.c:46:6: warning: conflicting types for built-in function 'sqrt' [enabled by default]
 char sqrt ();
      ^
configure:5059: $? = 0
configure:5059: result: yes
configure:5059: checking for strchr
configure:5059: gcc -o conftest -g -O2   conftest.c -lm  >&5
conftest.c:47:6: warning: conflicting types for built-in function 'strchr' [enabled by default]
 char strchr ();
      ^
configure:5059: $? = 0
configure:5059: result: yes
configure:5059: checking for strrchr
configure:5059: gcc -o conftest -g -O2   conftest.c -lm  >&5
conftest.c:48:6: warning: conflicting types for built-in function 'strrchr' [enabled by default]
 char strrchr ();
      ^
configure:5059: $? = 0
configure:5059: result: yes
configure:5059: checking for strstr
configure:5059: gcc -o conftest -g -O2   conftest.c -lm  >&5
conftest.c:49:6: warning: conflicting types for built-in function 'strstr' [enabled by default]
 char strstr ();
      ^
configure:5059: $? = 0
configure:5059: result: yes
configure:5077: checking whether to enable compiling for embedded devices
configure:5085: result: no
configure:5290: checking that generated files are newer than configure
configure:5296: result: done
configure:5323: creating ./config.status

## ---------------------- ##
## Running config.status. ##
## ---------------------- ##

This file was extended by hts_engine_et config.status 0.01, which was
generated by GNU Autoconf 2.69.  Invocation command line was

  CONFIG_FILES    = 
  CONFIG_HEADERS  = 
  CONFIG_LINKS    = 
  CONFIG_COMMANDS = 
  $ ./config.status 

on indrek-i3

config.status:790: creating Makefile
config.status:790: creating bin/Makefile
config.status:790: creating lib/Makefile
config.status:790: creating lib_utt/Makefile
config.status:790: creating fsc/Makefile
config.status:790: creating etana/Makefile
config.status:962: executing depfiles commands

## ---------------- ##
## Cache variables. ##
## ---------------- ##

ac_cv_c_compiler_gnu=yes
ac_cv_c_const=yes
ac_cv_cxx_compiler_gnu=yes
ac_cv_env_CCC_set=
ac_cv_env_CCC_value=
ac_cv_env_CC_set=
ac_cv_env_CC_value=
ac_cv_env_CFLAGS_set=
ac_cv_env_CFLAGS_value=
ac_cv_env_CPPFLAGS_set=
ac_cv_env_CPPFLAGS_value=
ac_cv_env_CPP_set=
ac_cv_env_CPP_value=
ac_cv_env_CXXFLAGS_set=
ac_cv_env_CXXFLAGS_value=
ac_cv_env_CXX_set=
ac_cv_env_CXX_value=
ac_cv_env_LDFLAGS_set=
ac_cv_env_LDFLAGS_value=
ac_cv_env_LIBS_set=
ac_cv_env_LIBS_value=
ac_cv_env_build_alias_set=
ac_cv_env_build_alias_value=
ac_cv_env_host_alias_set=
ac_cv_env_host_alias_value=
ac_cv_env_target_alias_set=
ac_cv_env_target_alias_value=
ac_cv_func__doprnt=no
ac_cv_func_sqrt=yes
ac_cv_func_strchr=yes
ac_cv_func_strrchr=yes
ac_cv_func_strstr=yes
ac_cv_func_vprintf=yes
ac_cv_header_inttypes_h=yes
ac_cv_header_memory_h=yes
ac_cv_header_stdc=yes
ac_cv_header_stdint_h=yes
ac_cv_header_stdlib_h=yes
ac_cv_header_string_h=yes
ac_cv_header_strings_h=yes
ac_cv_header_sys_stat_h=yes
ac_cv_header_sys_types_h=yes
ac_cv_header_unistd_h=yes
ac_cv_lib_m_log=yes
ac_cv_objext=o
ac_cv_path_EGREP='/bin/grep -E'
ac_cv_path_GREP=/bin/grep
ac_cv_path_install='/usr/bin/install -c'
ac_cv_path_mkdir=/bin/mkdir
ac_cv_prog_AWK=gawk
ac_cv_prog_CPP='gcc -E'
ac_cv_prog_ac_ct_AR=ar
ac_cv_prog_ac_ct_CC=gcc
ac_cv_prog_ac_ct_CXX=g++
ac_cv_prog_ac_ct_RANLIB=ranlib
ac_cv_prog_cc_c89=
ac_cv_prog_cc_g=yes
ac_cv_prog_cxx_g=yes
ac_cv_prog_make_make_set=yes
ac_cv_type_size_t=yes
am_cv_CC_dependencies_compiler_type=gcc3
am_cv_CXX_dependencies_compiler_type=gcc3
am_cv_make_support_nested_variables=yes
am_cv_prog_cc_c_o=yes

## ----------------- ##
## Output variables. ##
## ----------------- ##

ACLOCAL='${SHELL} /home/ikiissel/anjuta2/20150505/config/missing aclocal-1.14'
AMDEPBACKSLASH='\'
AMDEP_FALSE='#'
AMDEP_TRUE=''
AMTAR='$${TAR-tar}'
AM_BACKSLASH='\'
AM_DEFAULT_V='$(AM_DEFAULT_VERBOSITY)'
AM_DEFAULT_VERBOSITY='1'
AM_V='$(V)'
AR='ar'
AUTOCONF='${SHELL} /home/ikiissel/anjuta2/20150505/config/missing autoconf'
AUTOHEADER='${SHELL} /home/ikiissel/anjuta2/20150505/config/missing autoheader'
AUTOMAKE='${SHELL} /home/ikiissel/anjuta2/20150505/config/missing automake-1.14'
AWK='gawk'
CC='gcc'
CCDEPMODE='depmode=gcc3'
CFLAGS='-g -O2'
CPP='gcc -E'
CPPFLAGS=''
CXX='g++'
CXXDEPMODE='depmode=gcc3'
CXXFLAGS='-g -O2'
CYGPATH_W='echo'
DEFS='-DPACKAGE_NAME=\"hts_engine_et\" -DPACKAGE_TARNAME=\"hts_engine_et\" -DPACKAGE_VERSION=\"0.01\" -DPACKAGE_STRING=\"hts_engine_et\ 0.01\" -DPACKAGE_BUGREPORT=\"indrek.kiissel@eki.ee\" -DPACKAGE_URL=\"\" -DHAVE_LIBM=1 -DSTDC_HEADERS=1 -DHAVE_SYS_TYPES_H=1 -DHAVE_SYS_STAT_H=1 -DHAVE_STDLIB_H=1 -DHAVE_STRING_H=1 -DHAVE_MEMORY_H=1 -DHAVE_STRINGS_H=1 -DHAVE_INTTYPES_H=1 -DHAVE_STDINT_H=1 -DHAVE_UNISTD_H=1 -DHAVE_STDLIB_H=1 -DHAVE_STRING_H=1 -DHAVE_VPRINTF=1 -DHAVE_SQRT=1 -DHAVE_STRCHR=1 -DHAVE_STRRCHR=1 -DHAVE_STRSTR=1'
DEPDIR='.deps'
ECHO_C=''
ECHO_N='-n'
ECHO_T=''
EGREP='/bin/grep -E'
EXEEXT=''
GREP='/bin/grep'
INSTALL_DATA='${INSTALL} -m 644'
INSTALL_PROGRAM='${INSTALL}'
INSTALL_SCRIPT='${INSTALL}'
INSTALL_STRIP_PROGRAM='$(install_sh) -c -s'
LDFLAGS=''
LIBOBJS=''
LIBS='-lm '
LTLIBOBJS=''
MAKEINFO='${SHELL} /home/ikiissel/anjuta2/20150505/config/missing makeinfo'
MKDIR_P='/bin/mkdir -p'
OBJEXT='o'
PACKAGE='hts_engine_et'
PACKAGE_BUGREPORT='indrek.kiissel@eki.ee'
PACKAGE_NAME='hts_engine_et'
PACKAGE_STRING='hts_engine_et 0.01'
PACKAGE_TARNAME='hts_engine_et'
PACKAGE_URL=''
PACKAGE_VERSION='0.01'
PATH_SEPARATOR=':'
RANLIB='ranlib'
SET_MAKE=''
SHELL='/bin/bash'
STRIP=''
VERSION='0.01'
ac_ct_CC='gcc'
ac_ct_CXX='g++'
am__EXEEXT_FALSE=''
am__EXEEXT_TRUE='#'
am__fastdepCC_FALSE='#'
am__fastdepCC_TRUE=''
am__fastdepCXX_FALSE='#'
am__fastdepCXX_TRUE=''
am__include='include'
am__isrc=''
am__leading_dot='.'
am__nodep='_no'
am__quote=''
am__tar='$${TAR-tar} chof - "$$tardir"'
am__untar='$${TAR-tar} xf -'
bindir='${exec_prefix}/bin'
build_alias=''
datadir='${datarootdir}'
datarootdir='${prefix}/share'
docdir='${datarootdir}/doc/${PACKAGE_TARNAME}'
dvidir='${docdir}'
exec_prefix='${prefix}'
host_alias=''
htmldir='${docdir}'
includedir='${prefix}/include'
infodir='${datarootdir}/info'
install_sh='${SHELL} /home/ikiissel/anjuta2/20150505/config/install-sh'
libdir='${exec_prefix}/lib'
libexecdir='${exec_prefix}/libexec'
localedir='${datarootdir}/locale'
localstatedir='${prefix}/var'
mandir='${datarootdir}/man'
mkdir_p='$(MKDIR_P)'
oldincludedir='/usr/include'
pdfdir='${docdir}'
prefix='/usr/local'
program_transform_name='s,x,x,'
psdir='${docdir}'
sbindir='${exec_prefix}/sbin'
sharedstatedir='${prefix}/com'
sysconfdir='${prefix}/etc'
target_alias=''

## ----------- ##
## confdefs.h. ##
## ----------- ##

/* confdefs.h */
#define PACKAGE_NAME "hts_engine_et"
#define PACKAGE_TARNAME "hts_engine_et"
#define PACKAGE_VERSION "0.01"
#define PACKAGE_STRING "hts_engine_et 0.01"
#define PACKAGE_BUGREPORT "indrek.kiissel@eki.ee"
#define PACKAGE_URL ""
#define HAVE_LIBM 1
#define STDC_HEADERS 1
#define HAVE_SYS_TYPES_H 1
#define HAVE_SYS_STAT_H 1
#define HAVE_STDLIB_H 1
#define HAVE_STRING_H 1
#define HAVE_MEMORY_H 1
#define HAVE_STRINGS_H 1
#define HAVE_INTTYPES_H 1
#define HAVE_STDINT_H 1
#define HAVE_UNISTD_H 1
#define HAVE_STDLIB_H 1
#define HAVE_STRING_H 1
#define HAVE_VPRINTF 1
#define HAVE_SQRT 1
#define HAVE_STRCHR 1
#define HAVE_STRRCHR 1
#define HAVE_STRSTR 1

configure: exit 0
